


ARM Macro Assembler    Page 1 


    1 00000000         ;/******************************************************
                       ********************************************************
                       *****************************************
    2 00000000         ; * Copyright ¨Ï 2016 <WIZnet Co.,Ltd.> 
    3 00000000         ; * Permission is hereby granted, free of charge, to any
                        person obtaining a copy of this software and associated
                        documentation files (the ¡°Software¡±), 
    4 00000000         ; * to deal in the Software without restriction, includi
                       ng without limitation the rights to use, copy, modify, m
                       erge, publish, distribute, sublicense, 
    5 00000000         ; * and/or sell copies of the Software, and to permit pe
                       rsons to whom the Software is furnished to do so, subjec
                       t to the following conditions:
    6 00000000         ; *
    7 00000000         ; * The above copyright notice and this permission notic
                       e shall be included in all copies or substantial portion
                       s of the Software.
    8 00000000         ;
    9 00000000         ; * THE SOFTWARE IS PROVIDED ¡°AS IS¡±, WITHOUT WARRANTY
                        OF ANY KIND, EXPRESS OR IMPLIED, INCLUDING BUT NOT LIMI
                       TED TO THE WARRANTIES OF MERCHANTABILITY, 
   10 00000000         ; * FITNESS FOR A PARTICULAR PURPOSE AND NONINFRINGEMENT
                       . 
   11 00000000         ; * IN NO EVENT SHALL THE AUTHORS OR COPYRIGHT HOLDERS B
                       E LIABLE FOR ANY CLAIM, DAMAGES OR OTHER LIABILITY, WHET
                       HER IN AN ACTION OF CONTRACT, 
   12 00000000         ; * TORT OR OTHERWISE, ARISING FROM, OUT OF OR IN CONNEC
                       TION WITH THE SOFTWARE OR THE USE OR OTHER DEALINGS IN T
                       HE SOFTWARE.
   13 00000000         ;*******************************************************
                       ********************************************************
                       ******************************************/
   14 00000000         ;/******************************************************
                       ********************/
   15 00000000         ;/**
   16 00000000         ; * @file    startup_W7500x_FreeRTOS.s 
   17 00000000         ; * @author  
   18 00000000         ; * @version V1.0.0
   19 00000000         ; * @date    01-Nov-2016
   20 00000000         ; * @brief   CMSIS Cortex-M0 Core Device Startup File fo
                       r Device W7500x
   21 00000000         ; ******************************************************
                       ************************
   22 00000000         ; *
   23 00000000         ; * @attention
   24 00000000         ; * @par Revision history
   25 00000000         ; *    <2016/11/01> 1st Release
   26 00000000         ; *
   27 00000000         ; * <h2><center>&copy; COPYRIGHT 2016 </center></h2>
   28 00000000         ; ******************************************************
                       ************************
   29 00000000         ; */
   30 00000000         
   31 00000000         
   32 00000000         ; <h> Stack Configuration
   33 00000000         ;   <o> Stack Size (in Bytes) <0x0-0xFFFFFFFF:8>
   34 00000000         ; </h>
   35 00000000         
   36 00000000                 GBLL             FreeRTOS



ARM Macro Assembler    Page 2 


   37 00000000 TRUE     
                       FreeRTOS
                               SETL             {TRUE}
   38 00000000         
   39 00000000 00000800 
                       Stack_Size
                               EQU              0x00000800
   40 00000000         
   41 00000000                 AREA             STACK, NOINIT, READWRITE, ALIGN
=3
   42 00000000         Stack_Mem
                               SPACE            Stack_Size
   43 00000800         __initial_sp
   44 00000800         
   45 00000800         
   46 00000800         ; <h> Heap Configuration
   47 00000800         ;   <o>  Heap Size (in Bytes) <0x0-0xFFFFFFFF:8>
   48 00000800         ; </h>
   49 00000800         
   50 00000800 00000800 
                       Heap_Size
                               EQU              0x00000800
   51 00000800         
   52 00000800                 AREA             HEAP, NOINIT, READWRITE, ALIGN=
3
   53 00000000         __heap_base
   54 00000000         Heap_Mem
                               SPACE            Heap_Size
   55 00000800         __heap_limit
   56 00000800         
   57 00000800         
   58 00000800                 PRESERVE8
   59 00000800                 THUMB
   60 00000800         
   61 00000800                 IF               FreeRTOS = {TRUE}
   62 00000800                 EXTERN           xPortPendSVHandler
   63 00000800                 EXTERN           xPortSysTickHandler
   64 00000800                 EXTERN           vPortSVCHandler
   65 00000800                 ENDIF
   66 00000800         
   67 00000800         
   68 00000800         ; Vector Table Mapped to Address 0 at Reset
   69 00000800         
   70 00000800                 AREA             RESET, DATA, READONLY
   71 00000000                 EXPORT           __Vectors
   72 00000000                 EXPORT           __Vectors_End
   73 00000000                 EXPORT           __Vectors_Size
   74 00000000         
   75 00000000 00000000 
                       __Vectors
                               DCD              __initial_sp ; Top of Stack
   76 00000004 00000000        DCD              Reset_Handler ; Reset Handler
   77 00000008 00000000        DCD              NMI_Handler ; NMI Handler
   78 0000000C 00000000        DCD              HardFault_Handler ; Hard Fault 
                                                            Handler
   79 00000010 00000000        DCD              0           ; Reserved
   80 00000014 00000000        DCD              0           ; Reserved
   81 00000018 00000000        DCD              0           ; Reserved
   82 0000001C 00000000        DCD              0           ; Reserved



ARM Macro Assembler    Page 3 


   83 00000020 00000000        DCD              0           ; Reserved
   84 00000024 00000000        DCD              0           ; Reserved
   85 00000028 00000000        DCD              0           ; Reserved
   86 0000002C         
   87 0000002C                 IF               FreeRTOS = {TRUE}
   88 0000002C 00000000        DCD              vPortSVCHandler ; FreeRTOS SVC 
                                                            handler            
                                                                              
   89 00000030                 ELSE
   91                          ENDIF
   92 00000030         
   93 00000030 00000000        DCD              0           ; Reserved
   94 00000034 00000000        DCD              0           ; Reserved
   95 00000038         
   96 00000038                 IF               FreeRTOS = {TRUE}
   97 00000038 00000000        DCD              xPortPendSVHandler ; FreeRTOS P
                                                            endSV  Handler     
                                                                       
   98 0000003C                 ELSE
  100                          ENDIF
  101 0000003C         
  102 0000003C                 IF               FreeRTOS = {TRUE}
  103 0000003C 00000000        DCD              xPortSysTickHandler ; FreeRTOS 
                                                            SysTick Handler
  104 00000040                 ELSE
  106                          ENDIF
  107 00000040         
  108 00000040 00000000        DCD              SSP0_Handler ; 16+ 0: SSP 0 Han
                                                            dler               
                                                                
  109 00000044 00000000        DCD              SSP1_Handler ; 16+ 1: SSP 1 Han
                                                            dler               
                                                                
  110 00000048 00000000        DCD              UART0_Handler ; 16+ 2: UART 0 H
                                                            andler             
                                                                 
  111 0000004C 00000000        DCD              UART1_Handler ; 16+ 3: UART 1 H
                                                            andler             
                                                                 
  112 00000050 00000000        DCD              UART2_Handler ; 16+ 4: UART 2 H
                                                            andler             
                                                                 
  113 00000054 00000000        DCD              I2C0_Handler ; 16+ 5: I2C 0 Han
                                                            dler               
                                                                
  114 00000058 00000000        DCD              I2C1_Handler ; 16+ 6: I2C 1 Han
                                                            dler               
                                                                
  115 0000005C 00000000        DCD              PORT0_Handler ; 16+ 7: GPIO Por
                                                            t 0 Combined Handle
                                                            r    
  116 00000060 00000000        DCD              PORT1_Handler ; 16+ 8: GPIO Por
                                                            t 1 Combined Handle
                                                            r    
  117 00000064 00000000        DCD              PORT2_Handler ; 16+ 9: GPIO Por
                                                            t 2 Combined Handle
                                                            r    
  118 00000068 00000000        DCD              PORT3_Handler ; 16+10: GPIO Por
                                                            t 3 Combined Handle



ARM Macro Assembler    Page 4 


                                                            r    
  119 0000006C 00000000        DCD              DMA_Handler ; 16+11: DMA Combin
                                                            ed Handler         
                                                               
  120 00000070 00000000        DCD              DUALTIMER0_Handler ; 16+12: Dua
                                                            l timer 0 handler  
                                                                       
  121 00000074 00000000        DCD              DUALTIMER1_Handler ; 16+13: Dua
                                                            l timer 1 handler  
                                                                      
  122 00000078 00000000        DCD              PWM0_Handler ; 16+14: PWM0 Hand
                                                            ler                
                                                                
  123 0000007C 00000000        DCD              PWM1_Handler ; 16+15: PWM1 Hand
                                                            ler                
                                                                
  124 00000080 00000000        DCD              PWM2_Handler ; 16+16: PWM2 Hand
                                                            ler                
                                                                
  125 00000084 00000000        DCD              PWM3_Handler ; 16+17: PWM3 Hand
                                                            ler                
                                                                
  126 00000088 00000000        DCD              PWM4_Handler ; 16+18: PWM4 Hand
                                                            ler                
                                                                
  127 0000008C 00000000        DCD              PWM5_Handler ; 16+19: PWM5 Hand
                                                            ler                
                                                                
  128 00000090 00000000        DCD              PWM6_Handler ; 16+20: PWM6 Hand
                                                            ler                
                                                                
  129 00000094 00000000        DCD              PWM7_Handler ; 16+21: PWM7 Hand
                                                            ler                
                                                                
  130 00000098 00000000        DCD              RTC_Handler ; 16+22: RTC Handle
                                                            r                  
                                                               
  131 0000009C 00000000        DCD              ADC_Handler ; 16+23: ADC Handle
                                                            r                  
                                                               
  132 000000A0 00000000        DCD              WZTOE_Handler ; 16+24: WZTOE_Ha
                                                            ndler              
                                                                 
  133 000000A4 00000000        DCD              EXTI_Handler ; 16+25: EXTI_Hand
                                                            ler           
  134 000000A8         __Vectors_End
  135 000000A8         
  136 000000A8 000000A8 
                       __Vectors_Size
                               EQU              __Vectors_End - __Vectors
  137 000000A8         
  138 000000A8                 AREA             |.text|, CODE, READONLY
  139 00000000         
  140 00000000         
  141 00000000         ; Reset Handler
  142 00000000         
  143 00000000         Reset_Handler
                               PROC
  144 00000000                 EXPORT           Reset_Handler             [WEAK



ARM Macro Assembler    Page 5 


]
  145 00000000                 IMPORT           SystemInit
  146 00000000                 IMPORT           __main
  147 00000000 4807            LDR              R0, =SystemInit
  148 00000002 4780            BLX              R0
  149 00000004 4807            LDR              R0, =__main
  150 00000006 4700            BX               R0
  151 00000008                 ENDP
  152 00000008         
  153 00000008         
  154 00000008         ; Dummy Exception Handlers (infinite loops which can be 
                       modified)
  155 00000008         
  156 00000008         NMI_Handler
                               PROC
  157 00000008                 EXPORT           NMI_Handler               [WEAK
]
  158 00000008 E7FE            B                .
  159 0000000A                 ENDP
  161 0000000A         HardFault_Handler
                               PROC
  162 0000000A                 EXPORT           HardFault_Handler         [WEAK
]
  163 0000000A E7FE            B                .
  164 0000000C                 ENDP
  165 0000000C         SVC_Handler
                               PROC
  166 0000000C                 EXPORT           SVC_Handler               [WEAK
]
  167 0000000C E7FE            B                .
  168 0000000E                 ENDP
  169 0000000E         PendSV_Handler
                               PROC
  170 0000000E                 EXPORT           PendSV_Handler            [WEAK
]
  171 0000000E E7FE            B                .
  172 00000010                 ENDP
  173 00000010         SysTick_Handler
                               PROC
  174 00000010                 EXPORT           SysTick_Handler            [WEA
K]
  175 00000010 E7FE            B                .
  176 00000012                 ENDP
  177 00000012         Default_Handler
                               PROC
  178 00000012                 EXPORT           SSP0_Handler               [WEA
K]
  179 00000012                 EXPORT           SSP1_Handler               [WEA
K]
  180 00000012                 EXPORT           UART0_Handler              [WEA
K]
  181 00000012                 EXPORT           UART1_Handler              [WEA
K]
  182 00000012                 EXPORT           UART2_Handler              [WEA
K]
  183 00000012                 EXPORT           I2C0_Handler               [WEA
K]
  184 00000012                 EXPORT           I2C1_Handler               [WEA
K]



ARM Macro Assembler    Page 6 


  185 00000012                 EXPORT           PORT0_Handler              [WEA
K]
  186 00000012                 EXPORT           PORT1_Handler              [WEA
K]
  187 00000012                 EXPORT           PORT2_Handler              [WEA
K]
  188 00000012                 EXPORT           PORT3_Handler              [WEA
K]
  189 00000012                 EXPORT           DMA_Handler                [WEA
K]
  190 00000012                 EXPORT           DUALTIMER0_Handler         [WEA
K]
  191 00000012                 EXPORT           DUALTIMER1_Handler         [WEA
K]
  192 00000012                 EXPORT           PWM0_Handler               [WEA
K]
  193 00000012                 EXPORT           PWM1_Handler               [WEA
K]
  194 00000012                 EXPORT           PWM2_Handler               [WEA
K]
  195 00000012                 EXPORT           PWM3_Handler               [WEA
K]
  196 00000012                 EXPORT           PWM4_Handler               [WEA
K]
  197 00000012                 EXPORT           PWM5_Handler               [WEA
K]
  198 00000012                 EXPORT           PWM6_Handler               [WEA
K]
  199 00000012                 EXPORT           PWM7_Handler               [WEA
K]
  200 00000012                 EXPORT           RTC_Handler                [WEA
K]
  201 00000012                 EXPORT           ADC_Handler                [WEA
K]
  202 00000012                 EXPORT           WZTOE_Handler              [WEA
K]
  203 00000012                 EXPORT           EXTI_Handler              [WEAK
]
  204 00000012         SSP0_Handler
  205 00000012         SSP1_Handler
  206 00000012         UART0_Handler
  207 00000012         UART1_Handler
  208 00000012         UART2_Handler
  209 00000012         I2C0_Handler
  210 00000012         I2C1_Handler
  211 00000012         PORT0_Handler
  212 00000012         PORT1_Handler
  213 00000012         PORT2_Handler
  214 00000012         PORT3_Handler
  215 00000012         DMA_Handler
  216 00000012         DUALTIMER0_Handler
  217 00000012         DUALTIMER1_Handler
  218 00000012         PWM0_Handler
  219 00000012         PWM1_Handler
  220 00000012         PWM2_Handler
  221 00000012         PWM3_Handler
  222 00000012         PWM4_Handler
  223 00000012         PWM5_Handler
  224 00000012         PWM6_Handler



ARM Macro Assembler    Page 7 


  225 00000012         PWM7_Handler
  226 00000012         RTC_Handler
  227 00000012         ADC_Handler
  228 00000012         WZTOE_Handler
  229 00000012         EXTI_Handler
  230 00000012 E7FE            B                .
  231 00000014                 ENDP
  232 00000014         
  233 00000014         
  234 00000014                 ALIGN
  235 00000014         
  236 00000014         
  237 00000014         ; User Initial Stack & Heap
  238 00000014         
  239 00000014                 IF               :DEF:__MICROLIB
  246 00000014         
  247 00000014                 IMPORT           __use_two_region_memory
  248 00000014                 EXPORT           __user_initial_stackheap
  249 00000014         
  250 00000014         __user_initial_stackheap
                               PROC
  251 00000014 4804            LDR              R0, =  Heap_Mem
  252 00000016 4905            LDR              R1, =(Stack_Mem + Stack_Size)
  253 00000018 4A05            LDR              R2, = (Heap_Mem +  Heap_Size)
  254 0000001A 4B06            LDR              R3, = Stack_Mem
  255 0000001C 4770            BX               LR
  256 0000001E                 ENDP
  257 0000001E         
  258 0000001E 00 00           ALIGN
  259 00000020         
  260 00000020                 ENDIF
  261 00000020         
  262 00000020         
  263 00000020                 END
              00000000 
              00000000 
              00000000 
              00000800 
              00000800 
              00000000 
Command Line: --debug --xref --diag_suppress=9931 --cpu=Cortex-M0 --apcs=interw
ork --depend=.\obj\startup_w7500x_freertos.d -o.\obj\startup_w7500x_freertos.o 
-IC:\Keil_v5\ARM\RV31\INC -IC:\Keil_v5\ARM\CMSIS\Include --predefine="__UVISION
_VERSION SETA 523" --list=.\list\startup_w7500x_freertos.lst ..\..\..\Libraries
\CMSIS\Device\WIZnet\W7500\Source\ARM\startup_W7500x_FreeRTOS.s



ARM Macro Assembler    Page 1 Alphabetic symbol ordering
Relocatable symbols

STACK 00000000

Symbol: STACK
   Definitions
      At line 41 in file ..\..\..\Libraries\CMSIS\Device\WIZnet\W7500\Source\AR
M\startup_W7500x_FreeRTOS.s
   Uses
      None
Comment: STACK unused
Stack_Mem 00000000

Symbol: Stack_Mem
   Definitions
      At line 42 in file ..\..\..\Libraries\CMSIS\Device\WIZnet\W7500\Source\AR
M\startup_W7500x_FreeRTOS.s
   Uses
      At line 252 in file ..\..\..\Libraries\CMSIS\Device\WIZnet\W7500\Source\A
RM\startup_W7500x_FreeRTOS.s
      At line 254 in file ..\..\..\Libraries\CMSIS\Device\WIZnet\W7500\Source\A
RM\startup_W7500x_FreeRTOS.s

__initial_sp 00000800

Symbol: __initial_sp
   Definitions
      At line 43 in file ..\..\..\Libraries\CMSIS\Device\WIZnet\W7500\Source\AR
M\startup_W7500x_FreeRTOS.s
   Uses
      At line 75 in file ..\..\..\Libraries\CMSIS\Device\WIZnet\W7500\Source\AR
M\startup_W7500x_FreeRTOS.s
Comment: __initial_sp used once
3 symbols



ARM Macro Assembler    Page 1 Alphabetic symbol ordering
Relocatable symbols

HEAP 00000000

Symbol: HEAP
   Definitions
      At line 52 in file ..\..\..\Libraries\CMSIS\Device\WIZnet\W7500\Source\AR
M\startup_W7500x_FreeRTOS.s
   Uses
      None
Comment: HEAP unused
Heap_Mem 00000000

Symbol: Heap_Mem
   Definitions
      At line 54 in file ..\..\..\Libraries\CMSIS\Device\WIZnet\W7500\Source\AR
M\startup_W7500x_FreeRTOS.s
   Uses
      At line 251 in file ..\..\..\Libraries\CMSIS\Device\WIZnet\W7500\Source\A
RM\startup_W7500x_FreeRTOS.s
      At line 253 in file ..\..\..\Libraries\CMSIS\Device\WIZnet\W7500\Source\A
RM\startup_W7500x_FreeRTOS.s

__heap_base 00000000

Symbol: __heap_base
   Definitions
      At line 53 in file ..\..\..\Libraries\CMSIS\Device\WIZnet\W7500\Source\AR
M\startup_W7500x_FreeRTOS.s
   Uses
      None
Comment: __heap_base unused
__heap_limit 00000800

Symbol: __heap_limit
   Definitions
      At line 55 in file ..\..\..\Libraries\CMSIS\Device\WIZnet\W7500\Source\AR
M\startup_W7500x_FreeRTOS.s
   Uses
      None
Comment: __heap_limit unused
4 symbols



ARM Macro Assembler    Page 1 Alphabetic symbol ordering
Relocatable symbols

RESET 00000000

Symbol: RESET
   Definitions
      At line 70 in file ..\..\..\Libraries\CMSIS\Device\WIZnet\W7500\Source\AR
M\startup_W7500x_FreeRTOS.s
   Uses
      None
Comment: RESET unused
__Vectors 00000000

Symbol: __Vectors
   Definitions
      At line 75 in file ..\..\..\Libraries\CMSIS\Device\WIZnet\W7500\Source\AR
M\startup_W7500x_FreeRTOS.s
   Uses
      At line 71 in file ..\..\..\Libraries\CMSIS\Device\WIZnet\W7500\Source\AR
M\startup_W7500x_FreeRTOS.s
      At line 136 in file ..\..\..\Libraries\CMSIS\Device\WIZnet\W7500\Source\A
RM\startup_W7500x_FreeRTOS.s

__Vectors_End 000000A8

Symbol: __Vectors_End
   Definitions
      At line 134 in file ..\..\..\Libraries\CMSIS\Device\WIZnet\W7500\Source\A
RM\startup_W7500x_FreeRTOS.s
   Uses
      At line 72 in file ..\..\..\Libraries\CMSIS\Device\WIZnet\W7500\Source\AR
M\startup_W7500x_FreeRTOS.s
      At line 136 in file ..\..\..\Libraries\CMSIS\Device\WIZnet\W7500\Source\A
RM\startup_W7500x_FreeRTOS.s

3 symbols



ARM Macro Assembler    Page 1 Alphabetic symbol ordering
Relocatable symbols

.text 00000000

Symbol: .text
   Definitions
      At line 138 in file ..\..\..\Libraries\CMSIS\Device\WIZnet\W7500\Source\A
RM\startup_W7500x_FreeRTOS.s
   Uses
      None
Comment: .text unused
ADC_Handler 00000012

Symbol: ADC_Handler
   Definitions
      At line 227 in file ..\..\..\Libraries\CMSIS\Device\WIZnet\W7500\Source\A
RM\startup_W7500x_FreeRTOS.s
   Uses
      At line 131 in file ..\..\..\Libraries\CMSIS\Device\WIZnet\W7500\Source\A
RM\startup_W7500x_FreeRTOS.s
      At line 201 in file ..\..\..\Libraries\CMSIS\Device\WIZnet\W7500\Source\A
RM\startup_W7500x_FreeRTOS.s

DMA_Handler 00000012

Symbol: DMA_Handler
   Definitions
      At line 215 in file ..\..\..\Libraries\CMSIS\Device\WIZnet\W7500\Source\A
RM\startup_W7500x_FreeRTOS.s
   Uses
      At line 119 in file ..\..\..\Libraries\CMSIS\Device\WIZnet\W7500\Source\A
RM\startup_W7500x_FreeRTOS.s
      At line 189 in file ..\..\..\Libraries\CMSIS\Device\WIZnet\W7500\Source\A
RM\startup_W7500x_FreeRTOS.s

DUALTIMER0_Handler 00000012

Symbol: DUALTIMER0_Handler
   Definitions
      At line 216 in file ..\..\..\Libraries\CMSIS\Device\WIZnet\W7500\Source\A
RM\startup_W7500x_FreeRTOS.s
   Uses
      At line 120 in file ..\..\..\Libraries\CMSIS\Device\WIZnet\W7500\Source\A
RM\startup_W7500x_FreeRTOS.s
      At line 190 in file ..\..\..\Libraries\CMSIS\Device\WIZnet\W7500\Source\A
RM\startup_W7500x_FreeRTOS.s

DUALTIMER1_Handler 00000012

Symbol: DUALTIMER1_Handler
   Definitions
      At line 217 in file ..\..\..\Libraries\CMSIS\Device\WIZnet\W7500\Source\A
RM\startup_W7500x_FreeRTOS.s
   Uses
      At line 121 in file ..\..\..\Libraries\CMSIS\Device\WIZnet\W7500\Source\A
RM\startup_W7500x_FreeRTOS.s
      At line 191 in file ..\..\..\Libraries\CMSIS\Device\WIZnet\W7500\Source\A
RM\startup_W7500x_FreeRTOS.s

Default_Handler 00000012




ARM Macro Assembler    Page 2 Alphabetic symbol ordering
Relocatable symbols

Symbol: Default_Handler
   Definitions
      At line 177 in file ..\..\..\Libraries\CMSIS\Device\WIZnet\W7500\Source\A
RM\startup_W7500x_FreeRTOS.s
   Uses
      None
Comment: Default_Handler unused
EXTI_Handler 00000012

Symbol: EXTI_Handler
   Definitions
      At line 229 in file ..\..\..\Libraries\CMSIS\Device\WIZnet\W7500\Source\A
RM\startup_W7500x_FreeRTOS.s
   Uses
      At line 133 in file ..\..\..\Libraries\CMSIS\Device\WIZnet\W7500\Source\A
RM\startup_W7500x_FreeRTOS.s
      At line 203 in file ..\..\..\Libraries\CMSIS\Device\WIZnet\W7500\Source\A
RM\startup_W7500x_FreeRTOS.s

HardFault_Handler 0000000A

Symbol: HardFault_Handler
   Definitions
      At line 161 in file ..\..\..\Libraries\CMSIS\Device\WIZnet\W7500\Source\A
RM\startup_W7500x_FreeRTOS.s
   Uses
      At line 78 in file ..\..\..\Libraries\CMSIS\Device\WIZnet\W7500\Source\AR
M\startup_W7500x_FreeRTOS.s
      At line 162 in file ..\..\..\Libraries\CMSIS\Device\WIZnet\W7500\Source\A
RM\startup_W7500x_FreeRTOS.s

I2C0_Handler 00000012

Symbol: I2C0_Handler
   Definitions
      At line 209 in file ..\..\..\Libraries\CMSIS\Device\WIZnet\W7500\Source\A
RM\startup_W7500x_FreeRTOS.s
   Uses
      At line 113 in file ..\..\..\Libraries\CMSIS\Device\WIZnet\W7500\Source\A
RM\startup_W7500x_FreeRTOS.s
      At line 183 in file ..\..\..\Libraries\CMSIS\Device\WIZnet\W7500\Source\A
RM\startup_W7500x_FreeRTOS.s

I2C1_Handler 00000012

Symbol: I2C1_Handler
   Definitions
      At line 210 in file ..\..\..\Libraries\CMSIS\Device\WIZnet\W7500\Source\A
RM\startup_W7500x_FreeRTOS.s
   Uses
      At line 114 in file ..\..\..\Libraries\CMSIS\Device\WIZnet\W7500\Source\A
RM\startup_W7500x_FreeRTOS.s
      At line 184 in file ..\..\..\Libraries\CMSIS\Device\WIZnet\W7500\Source\A
RM\startup_W7500x_FreeRTOS.s

NMI_Handler 00000008

Symbol: NMI_Handler
   Definitions



ARM Macro Assembler    Page 3 Alphabetic symbol ordering
Relocatable symbols

      At line 156 in file ..\..\..\Libraries\CMSIS\Device\WIZnet\W7500\Source\A
RM\startup_W7500x_FreeRTOS.s
   Uses
      At line 77 in file ..\..\..\Libraries\CMSIS\Device\WIZnet\W7500\Source\AR
M\startup_W7500x_FreeRTOS.s
      At line 157 in file ..\..\..\Libraries\CMSIS\Device\WIZnet\W7500\Source\A
RM\startup_W7500x_FreeRTOS.s

PORT0_Handler 00000012

Symbol: PORT0_Handler
   Definitions
      At line 211 in file ..\..\..\Libraries\CMSIS\Device\WIZnet\W7500\Source\A
RM\startup_W7500x_FreeRTOS.s
   Uses
      At line 115 in file ..\..\..\Libraries\CMSIS\Device\WIZnet\W7500\Source\A
RM\startup_W7500x_FreeRTOS.s
      At line 185 in file ..\..\..\Libraries\CMSIS\Device\WIZnet\W7500\Source\A
RM\startup_W7500x_FreeRTOS.s

PORT1_Handler 00000012

Symbol: PORT1_Handler
   Definitions
      At line 212 in file ..\..\..\Libraries\CMSIS\Device\WIZnet\W7500\Source\A
RM\startup_W7500x_FreeRTOS.s
   Uses
      At line 116 in file ..\..\..\Libraries\CMSIS\Device\WIZnet\W7500\Source\A
RM\startup_W7500x_FreeRTOS.s
      At line 186 in file ..\..\..\Libraries\CMSIS\Device\WIZnet\W7500\Source\A
RM\startup_W7500x_FreeRTOS.s

PORT2_Handler 00000012

Symbol: PORT2_Handler
   Definitions
      At line 213 in file ..\..\..\Libraries\CMSIS\Device\WIZnet\W7500\Source\A
RM\startup_W7500x_FreeRTOS.s
   Uses
      At line 117 in file ..\..\..\Libraries\CMSIS\Device\WIZnet\W7500\Source\A
RM\startup_W7500x_FreeRTOS.s
      At line 187 in file ..\..\..\Libraries\CMSIS\Device\WIZnet\W7500\Source\A
RM\startup_W7500x_FreeRTOS.s

PORT3_Handler 00000012

Symbol: PORT3_Handler
   Definitions
      At line 214 in file ..\..\..\Libraries\CMSIS\Device\WIZnet\W7500\Source\A
RM\startup_W7500x_FreeRTOS.s
   Uses
      At line 118 in file ..\..\..\Libraries\CMSIS\Device\WIZnet\W7500\Source\A
RM\startup_W7500x_FreeRTOS.s
      At line 188 in file ..\..\..\Libraries\CMSIS\Device\WIZnet\W7500\Source\A
RM\startup_W7500x_FreeRTOS.s

PWM0_Handler 00000012

Symbol: PWM0_Handler



ARM Macro Assembler    Page 4 Alphabetic symbol ordering
Relocatable symbols

   Definitions
      At line 218 in file ..\..\..\Libraries\CMSIS\Device\WIZnet\W7500\Source\A
RM\startup_W7500x_FreeRTOS.s
   Uses
      At line 122 in file ..\..\..\Libraries\CMSIS\Device\WIZnet\W7500\Source\A
RM\startup_W7500x_FreeRTOS.s
      At line 192 in file ..\..\..\Libraries\CMSIS\Device\WIZnet\W7500\Source\A
RM\startup_W7500x_FreeRTOS.s

PWM1_Handler 00000012

Symbol: PWM1_Handler
   Definitions
      At line 219 in file ..\..\..\Libraries\CMSIS\Device\WIZnet\W7500\Source\A
RM\startup_W7500x_FreeRTOS.s
   Uses
      At line 123 in file ..\..\..\Libraries\CMSIS\Device\WIZnet\W7500\Source\A
RM\startup_W7500x_FreeRTOS.s
      At line 193 in file ..\..\..\Libraries\CMSIS\Device\WIZnet\W7500\Source\A
RM\startup_W7500x_FreeRTOS.s

PWM2_Handler 00000012

Symbol: PWM2_Handler
   Definitions
      At line 220 in file ..\..\..\Libraries\CMSIS\Device\WIZnet\W7500\Source\A
RM\startup_W7500x_FreeRTOS.s
   Uses
      At line 124 in file ..\..\..\Libraries\CMSIS\Device\WIZnet\W7500\Source\A
RM\startup_W7500x_FreeRTOS.s
      At line 194 in file ..\..\..\Libraries\CMSIS\Device\WIZnet\W7500\Source\A
RM\startup_W7500x_FreeRTOS.s

PWM3_Handler 00000012

Symbol: PWM3_Handler
   Definitions
      At line 221 in file ..\..\..\Libraries\CMSIS\Device\WIZnet\W7500\Source\A
RM\startup_W7500x_FreeRTOS.s
   Uses
      At line 125 in file ..\..\..\Libraries\CMSIS\Device\WIZnet\W7500\Source\A
RM\startup_W7500x_FreeRTOS.s
      At line 195 in file ..\..\..\Libraries\CMSIS\Device\WIZnet\W7500\Source\A
RM\startup_W7500x_FreeRTOS.s

PWM4_Handler 00000012

Symbol: PWM4_Handler
   Definitions
      At line 222 in file ..\..\..\Libraries\CMSIS\Device\WIZnet\W7500\Source\A
RM\startup_W7500x_FreeRTOS.s
   Uses
      At line 126 in file ..\..\..\Libraries\CMSIS\Device\WIZnet\W7500\Source\A
RM\startup_W7500x_FreeRTOS.s
      At line 196 in file ..\..\..\Libraries\CMSIS\Device\WIZnet\W7500\Source\A
RM\startup_W7500x_FreeRTOS.s

PWM5_Handler 00000012




ARM Macro Assembler    Page 5 Alphabetic symbol ordering
Relocatable symbols

Symbol: PWM5_Handler
   Definitions
      At line 223 in file ..\..\..\Libraries\CMSIS\Device\WIZnet\W7500\Source\A
RM\startup_W7500x_FreeRTOS.s
   Uses
      At line 127 in file ..\..\..\Libraries\CMSIS\Device\WIZnet\W7500\Source\A
RM\startup_W7500x_FreeRTOS.s
      At line 197 in file ..\..\..\Libraries\CMSIS\Device\WIZnet\W7500\Source\A
RM\startup_W7500x_FreeRTOS.s

PWM6_Handler 00000012

Symbol: PWM6_Handler
   Definitions
      At line 224 in file ..\..\..\Libraries\CMSIS\Device\WIZnet\W7500\Source\A
RM\startup_W7500x_FreeRTOS.s
   Uses
      At line 128 in file ..\..\..\Libraries\CMSIS\Device\WIZnet\W7500\Source\A
RM\startup_W7500x_FreeRTOS.s
      At line 198 in file ..\..\..\Libraries\CMSIS\Device\WIZnet\W7500\Source\A
RM\startup_W7500x_FreeRTOS.s

PWM7_Handler 00000012

Symbol: PWM7_Handler
   Definitions
      At line 225 in file ..\..\..\Libraries\CMSIS\Device\WIZnet\W7500\Source\A
RM\startup_W7500x_FreeRTOS.s
   Uses
      At line 129 in file ..\..\..\Libraries\CMSIS\Device\WIZnet\W7500\Source\A
RM\startup_W7500x_FreeRTOS.s
      At line 199 in file ..\..\..\Libraries\CMSIS\Device\WIZnet\W7500\Source\A
RM\startup_W7500x_FreeRTOS.s

PendSV_Handler 0000000E

Symbol: PendSV_Handler
   Definitions
      At line 169 in file ..\..\..\Libraries\CMSIS\Device\WIZnet\W7500\Source\A
RM\startup_W7500x_FreeRTOS.s
   Uses
      At line 170 in file ..\..\..\Libraries\CMSIS\Device\WIZnet\W7500\Source\A
RM\startup_W7500x_FreeRTOS.s
Comment: PendSV_Handler used once
RTC_Handler 00000012

Symbol: RTC_Handler
   Definitions
      At line 226 in file ..\..\..\Libraries\CMSIS\Device\WIZnet\W7500\Source\A
RM\startup_W7500x_FreeRTOS.s
   Uses
      At line 130 in file ..\..\..\Libraries\CMSIS\Device\WIZnet\W7500\Source\A
RM\startup_W7500x_FreeRTOS.s
      At line 200 in file ..\..\..\Libraries\CMSIS\Device\WIZnet\W7500\Source\A
RM\startup_W7500x_FreeRTOS.s

Reset_Handler 00000000

Symbol: Reset_Handler



ARM Macro Assembler    Page 6 Alphabetic symbol ordering
Relocatable symbols

   Definitions
      At line 143 in file ..\..\..\Libraries\CMSIS\Device\WIZnet\W7500\Source\A
RM\startup_W7500x_FreeRTOS.s
   Uses
      At line 76 in file ..\..\..\Libraries\CMSIS\Device\WIZnet\W7500\Source\AR
M\startup_W7500x_FreeRTOS.s
      At line 144 in file ..\..\..\Libraries\CMSIS\Device\WIZnet\W7500\Source\A
RM\startup_W7500x_FreeRTOS.s

SSP0_Handler 00000012

Symbol: SSP0_Handler
   Definitions
      At line 204 in file ..\..\..\Libraries\CMSIS\Device\WIZnet\W7500\Source\A
RM\startup_W7500x_FreeRTOS.s
   Uses
      At line 108 in file ..\..\..\Libraries\CMSIS\Device\WIZnet\W7500\Source\A
RM\startup_W7500x_FreeRTOS.s
      At line 178 in file ..\..\..\Libraries\CMSIS\Device\WIZnet\W7500\Source\A
RM\startup_W7500x_FreeRTOS.s

SSP1_Handler 00000012

Symbol: SSP1_Handler
   Definitions
      At line 205 in file ..\..\..\Libraries\CMSIS\Device\WIZnet\W7500\Source\A
RM\startup_W7500x_FreeRTOS.s
   Uses
      At line 109 in file ..\..\..\Libraries\CMSIS\Device\WIZnet\W7500\Source\A
RM\startup_W7500x_FreeRTOS.s
      At line 179 in file ..\..\..\Libraries\CMSIS\Device\WIZnet\W7500\Source\A
RM\startup_W7500x_FreeRTOS.s

SVC_Handler 0000000C

Symbol: SVC_Handler
   Definitions
      At line 165 in file ..\..\..\Libraries\CMSIS\Device\WIZnet\W7500\Source\A
RM\startup_W7500x_FreeRTOS.s
   Uses
      At line 166 in file ..\..\..\Libraries\CMSIS\Device\WIZnet\W7500\Source\A
RM\startup_W7500x_FreeRTOS.s
Comment: SVC_Handler used once
SysTick_Handler 00000010

Symbol: SysTick_Handler
   Definitions
      At line 173 in file ..\..\..\Libraries\CMSIS\Device\WIZnet\W7500\Source\A
RM\startup_W7500x_FreeRTOS.s
   Uses
      At line 174 in file ..\..\..\Libraries\CMSIS\Device\WIZnet\W7500\Source\A
RM\startup_W7500x_FreeRTOS.s
Comment: SysTick_Handler used once
UART0_Handler 00000012

Symbol: UART0_Handler
   Definitions
      At line 206 in file ..\..\..\Libraries\CMSIS\Device\WIZnet\W7500\Source\A
RM\startup_W7500x_FreeRTOS.s



ARM Macro Assembler    Page 7 Alphabetic symbol ordering
Relocatable symbols

   Uses
      At line 110 in file ..\..\..\Libraries\CMSIS\Device\WIZnet\W7500\Source\A
RM\startup_W7500x_FreeRTOS.s
      At line 180 in file ..\..\..\Libraries\CMSIS\Device\WIZnet\W7500\Source\A
RM\startup_W7500x_FreeRTOS.s

UART1_Handler 00000012

Symbol: UART1_Handler
   Definitions
      At line 207 in file ..\..\..\Libraries\CMSIS\Device\WIZnet\W7500\Source\A
RM\startup_W7500x_FreeRTOS.s
   Uses
      At line 111 in file ..\..\..\Libraries\CMSIS\Device\WIZnet\W7500\Source\A
RM\startup_W7500x_FreeRTOS.s
      At line 181 in file ..\..\..\Libraries\CMSIS\Device\WIZnet\W7500\Source\A
RM\startup_W7500x_FreeRTOS.s

UART2_Handler 00000012

Symbol: UART2_Handler
   Definitions
      At line 208 in file ..\..\..\Libraries\CMSIS\Device\WIZnet\W7500\Source\A
RM\startup_W7500x_FreeRTOS.s
   Uses
      At line 112 in file ..\..\..\Libraries\CMSIS\Device\WIZnet\W7500\Source\A
RM\startup_W7500x_FreeRTOS.s
      At line 182 in file ..\..\..\Libraries\CMSIS\Device\WIZnet\W7500\Source\A
RM\startup_W7500x_FreeRTOS.s

WZTOE_Handler 00000012

Symbol: WZTOE_Handler
   Definitions
      At line 228 in file ..\..\..\Libraries\CMSIS\Device\WIZnet\W7500\Source\A
RM\startup_W7500x_FreeRTOS.s
   Uses
      At line 132 in file ..\..\..\Libraries\CMSIS\Device\WIZnet\W7500\Source\A
RM\startup_W7500x_FreeRTOS.s
      At line 202 in file ..\..\..\Libraries\CMSIS\Device\WIZnet\W7500\Source\A
RM\startup_W7500x_FreeRTOS.s

__user_initial_stackheap 00000014

Symbol: __user_initial_stackheap
   Definitions
      At line 250 in file ..\..\..\Libraries\CMSIS\Device\WIZnet\W7500\Source\A
RM\startup_W7500x_FreeRTOS.s
   Uses
      At line 248 in file ..\..\..\Libraries\CMSIS\Device\WIZnet\W7500\Source\A
RM\startup_W7500x_FreeRTOS.s
Comment: __user_initial_stackheap used once
35 symbols



ARM Macro Assembler    Page 1 Alphabetic symbol ordering
Absolute symbols

Heap_Size 00000800

Symbol: Heap_Size
   Definitions
      At line 50 in file ..\..\..\Libraries\CMSIS\Device\WIZnet\W7500\Source\AR
M\startup_W7500x_FreeRTOS.s
   Uses
      At line 54 in file ..\..\..\Libraries\CMSIS\Device\WIZnet\W7500\Source\AR
M\startup_W7500x_FreeRTOS.s
      At line 253 in file ..\..\..\Libraries\CMSIS\Device\WIZnet\W7500\Source\A
RM\startup_W7500x_FreeRTOS.s

Stack_Size 00000800

Symbol: Stack_Size
   Definitions
      At line 39 in file ..\..\..\Libraries\CMSIS\Device\WIZnet\W7500\Source\AR
M\startup_W7500x_FreeRTOS.s
   Uses
      At line 42 in file ..\..\..\Libraries\CMSIS\Device\WIZnet\W7500\Source\AR
M\startup_W7500x_FreeRTOS.s
      At line 252 in file ..\..\..\Libraries\CMSIS\Device\WIZnet\W7500\Source\A
RM\startup_W7500x_FreeRTOS.s

__Vectors_Size 000000A8

Symbol: __Vectors_Size
   Definitions
      At line 136 in file ..\..\..\Libraries\CMSIS\Device\WIZnet\W7500\Source\A
RM\startup_W7500x_FreeRTOS.s
   Uses
      At line 73 in file ..\..\..\Libraries\CMSIS\Device\WIZnet\W7500\Source\AR
M\startup_W7500x_FreeRTOS.s
Comment: __Vectors_Size used once
3 symbols



ARM Macro Assembler    Page 1 Alphabetic symbol ordering
External symbols

SystemInit 00000000

Symbol: SystemInit
   Definitions
      At line 145 in file ..\..\..\Libraries\CMSIS\Device\WIZnet\W7500\Source\A
RM\startup_W7500x_FreeRTOS.s
   Uses
      At line 147 in file ..\..\..\Libraries\CMSIS\Device\WIZnet\W7500\Source\A
RM\startup_W7500x_FreeRTOS.s
Comment: SystemInit used once
__main 00000000

Symbol: __main
   Definitions
      At line 146 in file ..\..\..\Libraries\CMSIS\Device\WIZnet\W7500\Source\A
RM\startup_W7500x_FreeRTOS.s
   Uses
      At line 149 in file ..\..\..\Libraries\CMSIS\Device\WIZnet\W7500\Source\A
RM\startup_W7500x_FreeRTOS.s
Comment: __main used once
__use_two_region_memory 00000000

Symbol: __use_two_region_memory
   Definitions
      At line 247 in file ..\..\..\Libraries\CMSIS\Device\WIZnet\W7500\Source\A
RM\startup_W7500x_FreeRTOS.s
   Uses
      None
Comment: __use_two_region_memory unused
vPortSVCHandler 00000000

Symbol: vPortSVCHandler
   Definitions
      At line 64 in file ..\..\..\Libraries\CMSIS\Device\WIZnet\W7500\Source\AR
M\startup_W7500x_FreeRTOS.s
   Uses
      At line 88 in file ..\..\..\Libraries\CMSIS\Device\WIZnet\W7500\Source\AR
M\startup_W7500x_FreeRTOS.s
Comment: vPortSVCHandler used once
xPortPendSVHandler 00000000

Symbol: xPortPendSVHandler
   Definitions
      At line 62 in file ..\..\..\Libraries\CMSIS\Device\WIZnet\W7500\Source\AR
M\startup_W7500x_FreeRTOS.s
   Uses
      At line 97 in file ..\..\..\Libraries\CMSIS\Device\WIZnet\W7500\Source\AR
M\startup_W7500x_FreeRTOS.s
Comment: xPortPendSVHandler used once
xPortSysTickHandler 00000000

Symbol: xPortSysTickHandler
   Definitions
      At line 63 in file ..\..\..\Libraries\CMSIS\Device\WIZnet\W7500\Source\AR
M\startup_W7500x_FreeRTOS.s
   Uses
      At line 103 in file ..\..\..\Libraries\CMSIS\Device\WIZnet\W7500\Source\A
RM\startup_W7500x_FreeRTOS.s
Comment: xPortSysTickHandler used once



ARM Macro Assembler    Page 2 Alphabetic symbol ordering
External symbols

6 symbols
390 symbols in table
